
Showing logs for build [32manujga-hello-go-pr-1-pr-build-mwfjw-3[0m stage [32mfrom-build-pack[0m and container [32mcredential-initializer[0m
{"level":"info","ts":1602430069.7993903,"caller":"creds-init/main.go:44","msg":"Credentials initialized."}

Showing logs for build [32manujga-hello-go-pr-1-pr-build-mwfjw-3[0m stage [32mfrom-build-pack[0m and container [32mworking-dir-initializer[0m

Showing logs for build [32manujga-hello-go-pr-1-pr-build-mwfjw-3[0m stage [32mfrom-build-pack[0m and container [32mplace-tools[0m

Showing logs for build [32manujga-hello-go-pr-1-pr-build-mwfjw-3[0m stage [32mfrom-build-pack[0m and container [32mstep-git-source-anujga-hello-go-pr-1-pr-build-mwfjw-qvdv7[0m
{"level":"info","ts":1602430082.176273,"caller":"git/git.go:105","msg":"Successfully cloned https://github.com/******/hello-go.git @ master in path /workspace/source"}
{"level":"warn","ts":1602430082.1763902,"caller":"git/git.go:152","msg":"Unexpected error: creating symlink: symlink /tekton/home/.ssh /root/.ssh: file exists"}
{"level":"info","ts":1602430082.2070053,"caller":"git/git.go:133","msg":"Successfully initialized and updated submodules in path /workspace/source"}

Showing logs for build [32manujga-hello-go-pr-1-pr-build-mwfjw-3[0m stage [32mfrom-build-pack[0m and container [32mstep-setup-builder-home[0m

Showing logs for build [32manujga-hello-go-pr-1-pr-build-mwfjw-3[0m stage [32mfrom-build-pack[0m and container [32mstep-git-merge[0m
Using SHAs from PULL_REFS=master:da5c00f71aa2b7affe064ec5289d8ad5f5ebfc47,1:b2ed5cea4a2826ed566833cf8d611d93f7ad79ba
DEBUG: LC_ALL=C JX_LOG_LEVEL=error git fetch origin --unshallow b2ed5cea4a2826ed566833cf8d611d93f7ad79ba: da5c00f71aa2b7affe064ec5289d8ad5f5ebfc47:
DEBUG: ran git fetch --unshallow origin b2ed5cea4a2826ed566833cf8d611d93f7ad79ba: da5c00f71aa2b7affe064ec5289d8ad5f5ebfc47: in 
DEBUG: LC_ALL=C JX_LOG_LEVEL=error git branch
DEBUG: LC_ALL=C JX_LOG_LEVEL=error git checkout master
DEBUG: ran git checkout master in 
DEBUG: LC_ALL=C JX_LOG_LEVEL=error git reset --hard da5c00f71aa2b7affe064ec5289d8ad5f5ebfc47
DEBUG: ran git reset --hard da5c00f71aa2b7affe064ec5289d8ad5f5ebfc47 in 
DEBUG: LC_ALL=C JX_LOG_LEVEL=error git clean -fd .
DEBUG: ran clean --force -d . in 
DEBUG: LC_ALL=C JX_LOG_LEVEL=error git merge b2ed5cea4a2826ed566833cf8d611d93f7ad79ba
DEBUG: ran git merge b2ed5cea4a2826ed566833cf8d611d93f7ad79ba in 
DEBUG: LC_ALL=C JX_LOG_LEVEL=error git log --format=%H%x1f%an%x1f%ae%x1f%cn%x1f%ce%x1f%s%n%b%x1e da5c00f71aa2b7affe064ec5289d8ad5f5ebfc47..HEAD
Merged SHA b2ed5cea4a2826ed566833cf8d611d93f7ad79ba with commit message 'stash' into base branch master
Merged SHA 25d87389d2bd881200741acde0c0dd4521f0c436 with commit message 'Update main.go' into base branch master
Merged SHA ec6bf4f22b5e8cc7b52b33685285775a5c421563 with commit message 'local works' into base branch master

Showing logs for build [32manujga-hello-go-pr-1-pr-build-mwfjw-3[0m stage [32mfrom-build-pack[0m and container [32mstep-build-make-linux[0m
CGO_ENABLED=0 GOOS=linux GOARCH=amd64 GO15VENDOREXPERIMENT=1 go build -ldflags '' -o bin/hello-go pkg/main.go

Showing logs for build [32manujga-hello-go-pr-1-pr-build-mwfjw-3[0m stage [32mfrom-build-pack[0m and container [32mstep-build-container-build[0m
error checking push permissions -- make sure you entered the correct tag name, and that you are authenticated correctly, and try again: checking push permission for "004245605591.dkr.ecr.ap-south-1.amazonaws.com/******/hello-go:0.0.0-SNAPSHOT-PR-1-3": POST https://004245605591.dkr.ecr.ap-south-1.amazonaws.com/v2/******/hello-go/blobs/uploads/: DENIED: User: arn:aws:sts::004245605591:assumed-role/staging-eks-GP1v2020092912062229350000000a/i-0de3a9eaa260c4dd9 is not authorized to perform: ecr:InitiateLayerUpload on resource: arn:aws:ecr:ap-south-1:004245605591:repository/******/hello-go
[31m
Pipeline failed on stage 'from-build-pack' : container 'step-build-container-build'. The execution of the pipeline has stopped.[0m
